# JRE version: OpenJDK Runtime Environment (17.0.6) (build 17.0.6+0-b2043.56-10027231)
# Java VM: OpenJDK 64-Bit Server VM (17.0.6+0-b2043.56-10027231, mixed mode, tiered, compressed oops, compressed class ptrs, g1 gc, windows-amd64)
GC Precious Log:
 CPUs: 4 total, 4 available
 Memory: 3971M
 Large Page Support: Disabled
 NUMA Support: Disabled
 Compressed Oops: Enabled (32-bit)
 Heap Region Size: 1M
 Heap Min Capacity: 8M
 Heap Initial Capacity: 64M
 Heap Max Capacity: 2G
 Pre-touch: Disabled
 Parallel Workers: 4
 Concurrent Workers: 1
 Concurrent Refinement Workers: 4
 Periodic GC: Disabled
Heap:
 garbage-first heap   total 140288K, used 86728K [0x0000000080000000, 0x0000000100000000)
  region size 1024K, 3 young (3072K), 3 survivors (3072K)
 Metaspace       used 70218K, committed 70976K, reserved 1114112K
  class space    used 9836K, committed 10176K, reserved 1048576K
GC Heap History (20 events):
Event: 12.052 GC heap after
{Heap after GC invocations=21 (full 0):
 garbage-first heap   total 109568K, used 59370K [0x0000000080000000, 0x0000000100000000)
  region size 1024K, 1 young (1024K), 1 survivors (1024K)
 Metaspace       used 46609K, committed 47040K, reserved 1097728K
  class space    used 6190K, committed 6400K, reserved 1048576K
}
Event: 12.163 GC heap before
{Heap before GC invocations=21 (full 0):
 garbage-first heap   total 109568K, used 60394K [0x0000000080000000, 0x0000000100000000)
  region size 1024K, 3 young (3072K), 1 survivors (1024K)
 Metaspace       used 46656K, committed 47104K, reserved 1097728K
  class space    used 6193K, committed 6400K, reserved 1048576K
}
Event: 12.166 GC heap after
{Heap after GC invocations=22 (full 0):
 garbage-first heap   total 109568K, used 59808K [0x0000000080000000, 0x0000000100000000)
  region size 1024K, 2 young (2048K), 2 survivors (2048K)
 Metaspace       used 46656K, committed 47104K, reserved 1097728K
  class space    used 6193K, committed 6400K, reserved 1048576K
}
Event: 12.915 GC heap before
{Heap before GC invocations=23 (full 0):
 garbage-first heap   total 116736K, used 91552K [0x0000000080000000, 0x0000000100000000)
  region size 1024K, 27 young (27648K), 2 survivors (2048K)
 Metaspace       used 49450K, committed 49984K, reserved 1097728K
  class space    used 6479K, committed 6720K, reserved 1048576K
}
Event: 12.923 GC heap after
{Heap after GC invocations=24 (full 0):
 garbage-first heap   total 116736K, used 69102K [0x0000000080000000, 0x0000000100000000)
  region size 1024K, 4 young (4096K), 4 survivors (4096K)
 Metaspace       used 49450K, committed 49984K, reserved 1097728K
  class space    used 6479K, committed 6720K, reserved 1048576K
}
Event: 12.944 GC heap before
{Heap before GC invocations=24 (full 0):
 garbage-first heap   total 116736K, used 70126K [0x0000000080000000, 0x0000000100000000)
  region size 1024K, 5 young (5120K), 4 survivors (4096K)
 Metaspace       used 49563K, committed 50112K, reserved 1097728K
  class space    used 6493K, committed 6720K, reserved 1048576K
}
Event: 12.956 GC heap after
{Heap after GC invocations=25 (full 0):
 garbage-first heap   total 140288K, used 69539K [0x0000000080000000, 0x0000000100000000)
  region size 1024K, 1 young (1024K), 1 survivors (1024K)
 Metaspace       used 49563K, committed 50112K, reserved 1097728K
  class space    used 6493K, committed 6720K, reserved 1048576K
}
Event: 14.160 GC heap before
{Heap before GC invocations=25 (full 0):
 garbage-first heap   total 140288K, used 104355K [0x0000000080000000, 0x0000000100000000)
  region size 1024K, 35 young (35840K), 1 survivors (1024K)
 Metaspace       used 52393K, committed 53056K, reserved 1097728K
  class space    used 6999K, committed 7296K, reserved 1048576K
}
Event: 14.170 GC heap after
{Heap after GC invocations=26 (full 0):
 garbage-first heap   total 140288K, used 71347K [0x0000000080000000, 0x0000000100000000)
  region size 1024K, 3 young (3072K), 3 survivors (3072K)
 Metaspace       used 52393K, committed 53056K, reserved 1097728K
  class space    used 6999K, committed 7296K, reserved 1048576K
}
Event: 16.104 GC heap before
{Heap before GC invocations=27 (full 0):
 garbage-first heap   total 140288K, used 109235K [0x0000000080000000, 0x0000000100000000)
  region size 1024K, 41 young (41984K), 3 survivors (3072K)
 Metaspace       used 56141K, committed 56768K, reserved 1105920K
  class space    used 7545K, committed 7808K, reserved 1048576K
}
Event: 16.115 GC heap after
{Heap after GC invocations=28 (full 0):
 garbage-first heap   total 140288K, used 73942K [0x0000000080000000, 0x0000000100000000)
  region size 1024K, 5 young (5120K), 5 survivors (5120K)
 Metaspace       used 56141K, committed 56768K, reserved 1105920K
  class space    used 7545K, committed 7808K, reserved 1048576K
}
Event: 16.160 GC heap before
{Heap before GC invocations=28 (full 0):
 garbage-first heap   total 140288K, used 74966K [0x0000000080000000, 0x0000000100000000)
  region size 1024K, 6 young (6144K), 5 survivors (5120K)
 Metaspace       used 56154K, committed 56768K, reserved 1105920K
  class space    used 7545K, committed 7808K, reserved 1048576K
}
Event: 16.189 GC heap after
{Heap after GC invocations=29 (full 0):
 garbage-first heap   total 140288K, used 74115K [0x0000000080000000, 0x0000000100000000)
  region size 1024K, 1 young (1024K), 1 survivors (1024K)
 Metaspace       used 56154K, committed 56768K, reserved 1105920K
  class space    used 7545K, committed 7808K, reserved 1048576K
}
Event: 17.595 GC heap before
{Heap before GC invocations=29 (full 0):
 garbage-first heap   total 140288K, used 114051K [0x0000000080000000, 0x0000000100000000)
  region size 1024K, 38 young (38912K), 1 survivors (1024K)
 Metaspace       used 60648K, committed 61312K, reserved 1105920K
  class space    used 8595K, committed 8896K, reserved 1048576K
}
Event: 17.606 GC heap after
{Heap after GC invocations=30 (full 0):
 garbage-first heap   total 140288K, used 81193K [0x0000000080000000, 0x0000000100000000)
  region size 1024K, 5 young (5120K), 5 survivors (5120K)
 Metaspace       used 60648K, committed 61312K, reserved 1105920K
  class space    used 8595K, committed 8896K, reserved 1048576K
}
Event: 18.703 GC heap before
{Heap before GC invocations=31 (full 0):
 garbage-first heap   total 140288K, used 111913K [0x0000000080000000, 0x0000000100000000)
  region size 1024K, 35 young (35840K), 5 survivors (5120K)
 Metaspace       used 64197K, committed 64896K, reserved 1105920K
  class space    used 9081K, committed 9408K, reserved 1048576K
}
Event: 18.731 GC heap after
{Heap after GC invocations=32 (full 0):
 garbage-first heap   total 140288K, used 84231K [0x0000000080000000, 0x0000000100000000)
  region size 1024K, 3 young (3072K), 3 survivors (3072K)
 Metaspace       used 64197K, committed 64896K, reserved 1105920K
  class space    used 9081K, committed 9408K, reserved 1048576K
}
Event: 18.852 GC heap before
{Heap before GC invocations=32 (full 0):
 garbage-first heap   total 140288K, used 86279K [0x0000000080000000, 0x0000000100000000)
  region size 1024K, 6 young (6144K), 3 survivors (3072K)
 Metaspace       used 64911K, committed 65664K, reserved 1105920K
  class space    used 9134K, committed 9472K, reserved 1048576K
}
Event: 18.863 GC heap after
{Heap after GC invocations=33 (full 0):
 garbage-first heap   total 140288K, used 84417K [0x0000000080000000, 0x0000000100000000)
  region size 1024K, 1 young (1024K), 1 survivors (1024K)
 Metaspace       used 64911K, committed 65664K, reserved 1105920K
  class space    used 9134K, committed 9472K, reserved 1048576K
}
Event: 19.901 GC heap before
{Heap before GC invocations=33 (full 0):
 garbage-first heap   total 140288K, used 112065K [0x0000000080000000, 0x0000000100000000)
  region size 1024K, 29 young (29696K), 1 survivors (1024K)
 Metaspace       used 70218K, committed 70976K, reserved 1114112K
  class space    used 9836K, committed 10176K, reserved 1048576K
}

