# JRE version: OpenJDK Runtime Environment (17.0.6) (build 17.0.6+0-b2043.56-10027231)
# Java VM: OpenJDK 64-Bit Server VM (17.0.6+0-b2043.56-10027231, mixed mode, tiered, compressed oops, compressed class ptrs, g1 gc, windows-amd64)
GC Precious Log:
 CPUs: 4 total, 4 available
 Memory: 3971M
 Large Page Support: Disabled
 NUMA Support: Disabled
 Compressed Oops: Enabled (32-bit)
 Heap Region Size: 1M
 Heap Min Capacity: 8M
 Heap Initial Capacity: 64M
 Heap Max Capacity: 2G
 Pre-touch: Disabled
 Parallel Workers: 4
 Concurrent Workers: 1
 Concurrent Refinement Workers: 4
 Periodic GC: Disabled
Heap:
 garbage-first heap   total 203776K, used 155520K [0x0000000080000000, 0x0000000100000000)
  region size 1024K, 39 young (39936K), 7 survivors (7168K)
 Metaspace       used 96174K, committed 96896K, reserved 1138688K
  class space    used 13087K, committed 13440K, reserved 1048576K
GC Heap History (20 events):
Event: 17.557 GC heap before
{Heap before GC invocations=21 (full 0):
 garbage-first heap   total 163840K, used 79574K [0x0000000080000000, 0x0000000100000000)
  region size 1024K, 9 young (9216K), 8 survivors (8192K)
 Metaspace       used 60492K, committed 61184K, reserved 1105920K
  class space    used 8580K, committed 8896K, reserved 1048576K
}
Event: 17.575 GC heap after
{Heap after GC invocations=22 (full 0):
 garbage-first heap   total 163840K, used 79691K [0x0000000080000000, 0x0000000100000000)
  region size 1024K, 2 young (2048K), 2 survivors (2048K)
 Metaspace       used 60492K, committed 61184K, reserved 1105920K
  class space    used 8580K, committed 8896K, reserved 1048576K
}
Event: 18.834 GC heap before
{Heap before GC invocations=22 (full 0):
 garbage-first heap   total 163840K, used 128843K [0x0000000080000000, 0x0000000100000000)
  region size 1024K, 49 young (50176K), 2 survivors (2048K)
 Metaspace       used 66851K, committed 67520K, reserved 1114112K
  class space    used 9401K, committed 9664K, reserved 1048576K
}
Event: 18.842 GC heap after
{Heap after GC invocations=23 (full 0):
 garbage-first heap   total 163840K, used 82142K [0x0000000080000000, 0x0000000100000000)
  region size 1024K, 4 young (4096K), 4 survivors (4096K)
 Metaspace       used 66851K, committed 67520K, reserved 1114112K
  class space    used 9401K, committed 9664K, reserved 1048576K
}
Event: 20.119 GC heap before
{Heap before GC invocations=24 (full 0):
 garbage-first heap   total 163840K, used 136414K [0x0000000080000000, 0x0000000100000000)
  region size 1024K, 51 young (52224K), 4 survivors (4096K)
 Metaspace       used 72399K, committed 73088K, reserved 1114112K
  class space    used 10150K, committed 10496K, reserved 1048576K
}
Event: 20.131 GC heap after
{Heap after GC invocations=25 (full 0):
 garbage-first heap   total 163840K, used 87027K [0x0000000080000000, 0x0000000100000000)
  region size 1024K, 7 young (7168K), 7 survivors (7168K)
 Metaspace       used 72399K, committed 73088K, reserved 1114112K
  class space    used 10150K, committed 10496K, reserved 1048576K
}
Event: 20.149 GC heap before
{Heap before GC invocations=25 (full 0):
 garbage-first heap   total 163840K, used 88051K [0x0000000080000000, 0x0000000100000000)
  region size 1024K, 8 young (8192K), 7 survivors (7168K)
 Metaspace       used 72478K, committed 73216K, reserved 1114112K
  class space    used 10158K, committed 10496K, reserved 1048576K
}
Event: 20.163 GC heap after
{Heap after GC invocations=26 (full 0):
 garbage-first heap   total 163840K, used 87440K [0x0000000080000000, 0x0000000100000000)
  region size 1024K, 1 young (1024K), 1 survivors (1024K)
 Metaspace       used 72478K, committed 73216K, reserved 1114112K
  class space    used 10158K, committed 10496K, reserved 1048576K
}
Event: 21.150 GC heap before
{Heap before GC invocations=26 (full 0):
 garbage-first heap   total 163840K, used 131472K [0x0000000080000000, 0x0000000100000000)
  region size 1024K, 44 young (45056K), 1 survivors (1024K)
 Metaspace       used 77588K, committed 78336K, reserved 1122304K
  class space    used 10852K, committed 11200K, reserved 1048576K
}
Event: 21.158 GC heap after
{Heap after GC invocations=27 (full 0):
 garbage-first heap   total 163840K, used 89346K [0x0000000080000000, 0x0000000100000000)
  region size 1024K, 3 young (3072K), 3 survivors (3072K)
 Metaspace       used 77588K, committed 78336K, reserved 1122304K
  class space    used 10852K, committed 11200K, reserved 1048576K
}
Event: 22.241 GC heap before
{Heap before GC invocations=27 (full 0):
 garbage-first heap   total 163840K, used 135426K [0x0000000080000000, 0x0000000100000000)
  region size 1024K, 45 young (46080K), 3 survivors (3072K)
 Metaspace       used 82816K, committed 83520K, reserved 1122304K
  class space    used 11508K, committed 11840K, reserved 1048576K
}
Event: 22.250 GC heap after
{Heap after GC invocations=28 (full 0):
 garbage-first heap   total 163840K, used 95660K [0x0000000080000000, 0x0000000100000000)
  region size 1024K, 5 young (5120K), 5 survivors (5120K)
 Metaspace       used 82816K, committed 83520K, reserved 1122304K
  class space    used 11508K, committed 11840K, reserved 1048576K
}
Event: 23.134 GC heap before
{Heap before GC invocations=28 (full 0):
 garbage-first heap   total 163840K, used 132524K [0x0000000080000000, 0x0000000100000000)
  region size 1024K, 42 young (43008K), 5 survivors (5120K)
 Metaspace       used 88815K, committed 89600K, reserved 1130496K
  class space    used 12266K, committed 12608K, reserved 1048576K
}
Event: 23.144 GC heap after
{Heap after GC invocations=29 (full 0):
 garbage-first heap   total 163840K, used 96889K [0x0000000080000000, 0x0000000100000000)
  region size 1024K, 4 young (4096K), 4 survivors (4096K)
 Metaspace       used 88815K, committed 89600K, reserved 1130496K
  class space    used 12266K, committed 12608K, reserved 1048576K
}
Event: 23.536 GC heap before
{Heap before GC invocations=30 (full 0):
 garbage-first heap   total 203776K, used 138873K [0x0000000080000000, 0x0000000100000000)
  region size 1024K, 39 young (39936K), 4 survivors (4096K)
 Metaspace       used 88961K, committed 89792K, reserved 1130496K
  class space    used 12275K, committed 12608K, reserved 1048576K
}
Event: 23.570 GC heap after
{Heap after GC invocations=31 (full 0):
 garbage-first heap   total 203776K, used 107178K [0x0000000080000000, 0x0000000100000000)
  region size 1024K, 5 young (5120K), 5 survivors (5120K)
 Metaspace       used 88961K, committed 89792K, reserved 1130496K
  class space    used 12275K, committed 12608K, reserved 1048576K
}
Event: 23.755 GC heap before
{Heap before GC invocations=31 (full 0):
 garbage-first heap   total 203776K, used 111274K [0x0000000080000000, 0x0000000100000000)
  region size 1024K, 9 young (9216K), 5 survivors (5120K)
 Metaspace       used 88984K, committed 89792K, reserved 1130496K
  class space    used 12275K, committed 12608K, reserved 1048576K
}
Event: 23.769 GC heap after
{Heap after GC invocations=32 (full 0):
 garbage-first heap   total 203776K, used 109193K [0x0000000080000000, 0x0000000100000000)
  region size 1024K, 2 young (2048K), 2 survivors (2048K)
 Metaspace       used 88984K, committed 89792K, reserved 1130496K
  class space    used 12275K, committed 12608K, reserved 1048576K
}
Event: 24.807 GC heap before
{Heap before GC invocations=32 (full 0):
 garbage-first heap   total 203776K, used 164489K [0x0000000080000000, 0x0000000100000000)
  region size 1024K, 56 young (57344K), 2 survivors (2048K)
 Metaspace       used 92889K, committed 93568K, reserved 1130496K
  class space    used 12744K, committed 13056K, reserved 1048576K
}
Event: 24.823 GC heap after
{Heap after GC invocations=33 (full 0):
 garbage-first heap   total 203776K, used 117632K [0x0000000080000000, 0x0000000100000000)
  region size 1024K, 7 young (7168K), 7 survivors (7168K)
 Metaspace       used 92889K, committed 93568K, reserved 1130496K
  class space    used 12744K, committed 13056K, reserved 1048576K
}

