# JRE version: OpenJDK Runtime Environment (17.0.6) (build 17.0.6+0-b2043.56-10027231)
# Java VM: OpenJDK 64-Bit Server VM (17.0.6+0-b2043.56-10027231, mixed mode, tiered, compressed oops, compressed class ptrs, g1 gc, windows-amd64)
GC Precious Log:
 CPUs: 4 total, 4 available
 Memory: 3971M
 Large Page Support: Disabled
 NUMA Support: Disabled
 Compressed Oops: Enabled (32-bit)
 Heap Region Size: 1M
 Heap Min Capacity: 8M
 Heap Initial Capacity: 64M
 Heap Max Capacity: 2G
 Pre-touch: Disabled
 Parallel Workers: 4
 Concurrent Workers: 1
 Concurrent Refinement Workers: 4
 Periodic GC: Disabled
Heap:
 garbage-first heap   total 197632K, used 97736K [0x0000000080000000, 0x0000000100000000)
  region size 1024K, 4 young (4096K), 4 survivors (4096K)
 Metaspace       used 85340K, committed 86016K, reserved 1130496K
  class space    used 11560K, committed 11904K, reserved 1048576K
GC Heap History (20 events):
Event: 12.298 GC heap after
{Heap after GC invocations=21 (full 0):
 garbage-first heap   total 104448K, used 58422K [0x0000000080000000, 0x0000000100000000)
  region size 1024K, 3 young (3072K), 3 survivors (3072K)
 Metaspace       used 46061K, committed 46464K, reserved 1089536K
  class space    used 6101K, committed 6272K, reserved 1048576K
}
Event: 12.650 GC heap before
{Heap before GC invocations=21 (full 0):
 garbage-first heap   total 104448K, used 64566K [0x0000000080000000, 0x0000000100000000)
  region size 1024K, 11 young (11264K), 3 survivors (3072K)
 Metaspace       used 46639K, committed 47040K, reserved 1089536K
  class space    used 6193K, committed 6400K, reserved 1048576K
}
Event: 12.658 GC heap after
{Heap after GC invocations=22 (full 0):
 garbage-first heap   total 104448K, used 60007K [0x0000000080000000, 0x0000000100000000)
  region size 1024K, 3 young (3072K), 3 survivors (3072K)
 Metaspace       used 46639K, committed 47040K, reserved 1089536K
  class space    used 6193K, committed 6400K, reserved 1048576K
}
Event: 13.303 GC heap before
{Heap before GC invocations=23 (full 0):
 garbage-first heap   total 114688K, used 88679K [0x0000000080000000, 0x0000000100000000)
  region size 1024K, 25 young (25600K), 3 survivors (3072K)
 Metaspace       used 49056K, committed 49472K, reserved 1097728K
  class space    used 6403K, committed 6592K, reserved 1048576K
}
Event: 13.315 GC heap after
{Heap after GC invocations=24 (full 0):
 garbage-first heap   total 114688K, used 69028K [0x0000000080000000, 0x0000000100000000)
  region size 1024K, 4 young (4096K), 4 survivors (4096K)
 Metaspace       used 49056K, committed 49472K, reserved 1097728K
  class space    used 6403K, committed 6592K, reserved 1048576K
}
Event: 13.363 GC heap before
{Heap before GC invocations=24 (full 0):
 garbage-first heap   total 114688K, used 70052K [0x0000000080000000, 0x0000000100000000)
  region size 1024K, 5 young (5120K), 4 survivors (4096K)
 Metaspace       used 49219K, committed 49728K, reserved 1097728K
  class space    used 6437K, committed 6656K, reserved 1048576K
}
Event: 13.376 GC heap after
{Heap after GC invocations=25 (full 0):
 garbage-first heap   total 114688K, used 69428K [0x0000000080000000, 0x0000000100000000)
  region size 1024K, 1 young (1024K), 1 survivors (1024K)
 Metaspace       used 49219K, committed 49728K, reserved 1097728K
  class space    used 6437K, committed 6656K, reserved 1048576K
}
Event: 13.883 GC heap before
{Heap before GC invocations=25 (full 0):
 garbage-first heap   total 114688K, used 90932K [0x0000000080000000, 0x0000000100000000)
  region size 1024K, 22 young (22528K), 1 survivors (1024K)
 Metaspace       used 50716K, committed 51264K, reserved 1097728K
  class space    used 6704K, committed 6912K, reserved 1048576K
}
Event: 13.887 GC heap after
{Heap after GC invocations=26 (full 0):
 garbage-first heap   total 197632K, used 69785K [0x0000000080000000, 0x0000000100000000)
  region size 1024K, 1 young (1024K), 1 survivors (1024K)
 Metaspace       used 50716K, committed 51264K, reserved 1097728K
  class space    used 6704K, committed 6912K, reserved 1048576K
}
Event: 16.510 GC heap before
{Heap before GC invocations=27 (full 0):
 garbage-first heap   total 197632K, used 134297K [0x0000000080000000, 0x0000000100000000)
  region size 1024K, 65 young (66560K), 1 survivors (1024K)
 Metaspace       used 56318K, committed 57024K, reserved 1105920K
  class space    used 7566K, committed 7872K, reserved 1048576K
}
Event: 16.534 GC heap after
{Heap after GC invocations=28 (full 0):
 garbage-first heap   total 197632K, used 73982K [0x0000000080000000, 0x0000000100000000)
  region size 1024K, 6 young (6144K), 6 survivors (6144K)
 Metaspace       used 56318K, committed 57024K, reserved 1105920K
  class space    used 7566K, committed 7872K, reserved 1048576K
}
Event: 16.652 GC heap before
{Heap before GC invocations=28 (full 0):
 garbage-first heap   total 197632K, used 76030K [0x0000000080000000, 0x0000000100000000)
  region size 1024K, 9 young (9216K), 6 survivors (6144K)
 Metaspace       used 56367K, committed 57024K, reserved 1105920K
  class space    used 7566K, committed 7872K, reserved 1048576K
}
Event: 16.684 GC heap after
{Heap after GC invocations=29 (full 0):
 garbage-first heap   total 197632K, used 73717K [0x0000000080000000, 0x0000000100000000)
  region size 1024K, 1 young (1024K), 1 survivors (1024K)
 Metaspace       used 56367K, committed 57024K, reserved 1105920K
  class space    used 7566K, committed 7872K, reserved 1048576K
}
Event: 19.574 GC heap before
{Heap before GC invocations=29 (full 0):
 garbage-first heap   total 197632K, used 157685K [0x0000000080000000, 0x0000000100000000)
  region size 1024K, 76 young (77824K), 1 survivors (1024K)
 Metaspace       used 66618K, committed 67328K, reserved 1114112K
  class space    used 8888K, committed 9216K, reserved 1048576K
}
Event: 19.632 GC heap after
{Heap after GC invocations=30 (full 0):
 garbage-first heap   total 197632K, used 89175K [0x0000000080000000, 0x0000000100000000)
  region size 1024K, 10 young (10240K), 10 survivors (10240K)
 Metaspace       used 66618K, committed 67328K, reserved 1114112K
  class space    used 8888K, committed 9216K, reserved 1048576K
}
Event: 21.652 GC heap before
{Heap before GC invocations=30 (full 0):
 garbage-first heap   total 197632K, used 155735K [0x0000000080000000, 0x0000000100000000)
  region size 1024K, 73 young (74752K), 10 survivors (10240K)
 Metaspace       used 73167K, committed 73856K, reserved 1114112K
  class space    used 9769K, committed 10112K, reserved 1048576K
}
Event: 21.699 GC heap after
{Heap after GC invocations=31 (full 0):
 garbage-first heap   total 197632K, used 90232K [0x0000000080000000, 0x0000000100000000)
  region size 1024K, 5 young (5120K), 5 survivors (5120K)
 Metaspace       used 73167K, committed 73856K, reserved 1114112K
  class space    used 9769K, committed 10112K, reserved 1048576K
}
Event: 24.525 GC heap before
{Heap before GC invocations=31 (full 0):
 garbage-first heap   total 197632K, used 159864K [0x0000000080000000, 0x0000000100000000)
  region size 1024K, 69 young (70656K), 5 survivors (5120K)
 Metaspace       used 81379K, committed 82112K, reserved 1122304K
  class space    used 10798K, committed 11136K, reserved 1048576K
}
Event: 24.600 GC heap after
{Heap after GC invocations=32 (full 0):
 garbage-first heap   total 197632K, used 97139K [0x0000000080000000, 0x0000000100000000)
  region size 1024K, 7 young (7168K), 7 survivors (7168K)
 Metaspace       used 81379K, committed 82112K, reserved 1122304K
  class space    used 10798K, committed 11136K, reserved 1048576K
}
Event: 25.581 GC heap before
{Heap before GC invocations=32 (full 0):
 garbage-first heap   total 197632K, used 116595K [0x0000000080000000, 0x0000000100000000)
  region size 1024K, 27 young (27648K), 7 survivors (7168K)
 Metaspace       used 85340K, committed 86016K, reserved 1130496K
  class space    used 11560K, committed 11904K, reserved 1048576K
}

