# JRE version: OpenJDK Runtime Environment (17.0.6) (build 17.0.6+0-b2043.56-10027231)
# Java VM: OpenJDK 64-Bit Server VM (17.0.6+0-b2043.56-10027231, mixed mode, tiered, compressed oops, compressed class ptrs, g1 gc, windows-amd64)
GC Precious Log:
 CPUs: 4 total, 4 available
 Memory: 3971M
 Large Page Support: Disabled
 NUMA Support: Disabled
 Compressed Oops: Enabled (32-bit)
 Heap Region Size: 1M
 Heap Min Capacity: 8M
 Heap Initial Capacity: 64M
 Heap Max Capacity: 2G
 Pre-touch: Disabled
 Parallel Workers: 4
 Concurrent Workers: 1
 Concurrent Refinement Workers: 4
 Periodic GC: Disabled
Heap:
 garbage-first heap   total 529408K, used 244147K [0x0000000080000000, 0x0000000100000000)
  region size 1024K, 4 young (4096K), 4 survivors (4096K)
 Metaspace       used 137851K, committed 138816K, reserved 1171456K
  class space    used 18086K, committed 18560K, reserved 1048576K
GC Heap History (20 events):
Event: 131.017 GC heap after
{Heap after GC invocations=58 (full 0):
 garbage-first heap   total 529408K, used 282993K [0x0000000080000000, 0x0000000100000000)
  region size 1024K, 7 young (7168K), 7 survivors (7168K)
 Metaspace       used 137182K, committed 138112K, reserved 1171456K
  class space    used 18085K, committed 18560K, reserved 1048576K
}
Event: 134.563 GC heap before
{Heap before GC invocations=58 (full 0):
 garbage-first heap   total 529408K, used 450929K [0x0000000080000000, 0x0000000100000000)
  region size 1024K, 138 young (141312K), 7 survivors (7168K)
 Metaspace       used 137450K, committed 138432K, reserved 1171456K
  class space    used 18088K, committed 18560K, reserved 1048576K
}
Event: 134.757 GC heap after
{Heap after GC invocations=59 (full 0):
 garbage-first heap   total 529408K, used 316416K [0x0000000080000000, 0x0000000100000000)
  region size 1024K, 18 young (18432K), 18 survivors (18432K)
 Metaspace       used 137450K, committed 138432K, reserved 1171456K
  class space    used 18088K, committed 18560K, reserved 1048576K
}
Event: 136.221 GC heap before
{Heap before GC invocations=59 (full 0):
 garbage-first heap   total 529408K, used 391168K [0x0000000080000000, 0x0000000100000000)
  region size 1024K, 92 young (94208K), 18 survivors (18432K)
 Metaspace       used 137503K, committed 138496K, reserved 1171456K
  class space    used 18089K, committed 18560K, reserved 1048576K
}
Event: 136.272 GC heap after
{Heap after GC invocations=60 (full 0):
 garbage-first heap   total 529408K, used 325120K [0x0000000080000000, 0x0000000100000000)
  region size 1024K, 10 young (10240K), 10 survivors (10240K)
 Metaspace       used 137503K, committed 138496K, reserved 1171456K
  class space    used 18089K, committed 18560K, reserved 1048576K
}
Event: 137.494 GC heap before
{Heap before GC invocations=60 (full 0):
 garbage-first heap   total 529408K, used 469503K [0x0000000080000000, 0x0000000100000000)
  region size 1024K, 113 young (115712K), 10 survivors (10240K)
 Metaspace       used 137753K, committed 138688K, reserved 1171456K
  class space    used 18090K, committed 18560K, reserved 1048576K
}
Event: 137.539 GC heap after
{Heap after GC invocations=61 (full 0):
 garbage-first heap   total 529408K, used 357867K [0x0000000080000000, 0x0000000100000000)
  region size 1024K, 14 young (14336K), 14 survivors (14336K)
 Metaspace       used 137753K, committed 138688K, reserved 1171456K
  class space    used 18090K, committed 18560K, reserved 1048576K
}
Event: 138.279 GC heap before
{Heap before GC invocations=61 (full 0):
 garbage-first heap   total 529408K, used 441835K [0x0000000080000000, 0x0000000100000000)
  region size 1024K, 96 young (98304K), 14 survivors (14336K)
 Metaspace       used 137825K, committed 138816K, reserved 1171456K
  class space    used 18090K, committed 18560K, reserved 1048576K
}
Event: 138.353 GC heap after
{Heap after GC invocations=62 (full 0):
 garbage-first heap   total 529408K, used 375162K [0x0000000080000000, 0x0000000100000000)
  region size 1024K, 12 young (12288K), 12 survivors (12288K)
 Metaspace       used 137825K, committed 138816K, reserved 1171456K
  class space    used 18090K, committed 18560K, reserved 1048576K
}
Event: 139.097 GC heap before
{Heap before GC invocations=62 (full 0):
 garbage-first heap   total 529408K, used 444794K [0x0000000080000000, 0x0000000100000000)
  region size 1024K, 78 young (79872K), 12 survivors (12288K)
 Metaspace       used 137836K, committed 138816K, reserved 1171456K
  class space    used 18090K, committed 18560K, reserved 1048576K
}
Event: 139.217 GC heap after
{Heap after GC invocations=63 (full 0):
 garbage-first heap   total 529408K, used 406016K [0x0000000080000000, 0x0000000100000000)
  region size 1024K, 10 young (10240K), 10 survivors (10240K)
 Metaspace       used 137836K, committed 138816K, reserved 1171456K
  class space    used 18090K, committed 18560K, reserved 1048576K
}
Event: 139.496 GC heap before
{Heap before GC invocations=63 (full 0):
 garbage-first heap   total 529408K, used 442880K [0x0000000080000000, 0x0000000100000000)
  region size 1024K, 47 young (48128K), 10 survivors (10240K)
 Metaspace       used 137837K, committed 138816K, reserved 1171456K
  class space    used 18090K, committed 18560K, reserved 1048576K
}
Event: 139.663 GC heap after
{Heap after GC invocations=64 (full 0):
 garbage-first heap   total 529408K, used 425984K [0x0000000080000000, 0x0000000100000000)
  region size 1024K, 6 young (6144K), 6 survivors (6144K)
 Metaspace       used 137837K, committed 138816K, reserved 1171456K
  class space    used 18090K, committed 18560K, reserved 1048576K
}
Event: 144.064 GC heap before
{Heap before GC invocations=65 (full 0):
 garbage-first heap   total 529408K, used 311296K [0x0000000080000000, 0x0000000100000000)
  region size 1024K, 30 young (30720K), 6 survivors (6144K)
 Metaspace       used 137851K, committed 138816K, reserved 1171456K
  class space    used 18086K, committed 18560K, reserved 1048576K
}
Event: 144.485 GC heap after
{Heap after GC invocations=66 (full 0):
 garbage-first heap   total 529408K, used 292352K [0x0000000080000000, 0x0000000100000000)
  region size 1024K, 4 young (4096K), 4 survivors (4096K)
 Metaspace       used 137851K, committed 138816K, reserved 1171456K
  class space    used 18086K, committed 18560K, reserved 1048576K
}
Event: 145.681 GC heap before
{Heap before GC invocations=66 (full 0):
 garbage-first heap   total 529408K, used 313856K [0x0000000080000000, 0x0000000100000000)
  region size 1024K, 25 young (25600K), 4 survivors (4096K)
 Metaspace       used 137851K, committed 138816K, reserved 1171456K
  class space    used 18086K, committed 18560K, reserved 1048576K
}
Event: 145.762 GC heap after
{Heap after GC invocations=67 (full 0):
 garbage-first heap   total 529408K, used 251218K [0x0000000080000000, 0x0000000100000000)
  region size 1024K, 4 young (4096K), 4 survivors (4096K)
 Metaspace       used 137851K, committed 138816K, reserved 1171456K
  class space    used 18086K, committed 18560K, reserved 1048576K
}
Event: 145.961 GC heap before
{Heap before GC invocations=67 (full 0):
 garbage-first heap   total 529408K, used 272722K [0x0000000080000000, 0x0000000100000000)
  region size 1024K, 25 young (25600K), 4 survivors (4096K)
 Metaspace       used 137851K, committed 138816K, reserved 1171456K
  class space    used 18086K, committed 18560K, reserved 1048576K
}
Event: 146.026 GC heap after
{Heap after GC invocations=68 (full 0):
 garbage-first heap   total 529408K, used 243848K [0x0000000080000000, 0x0000000100000000)
  region size 1024K, 3 young (3072K), 3 survivors (3072K)
 Metaspace       used 137851K, committed 138816K, reserved 1171456K
  class space    used 18086K, committed 18560K, reserved 1048576K
}
Event: 147.155 GC heap before
{Heap before GC invocations=68 (full 0):
 garbage-first heap   total 529408K, used 271496K [0x0000000080000000, 0x0000000100000000)
  region size 1024K, 25 young (25600K), 3 survivors (3072K)
 Metaspace       used 137851K, committed 138816K, reserved 1171456K
  class space    used 18086K, committed 18560K, reserved 1048576K
}

