# JRE version: OpenJDK Runtime Environment (17.0.6) (build 17.0.6+0-b2043.56-10027231)
# Java VM: OpenJDK 64-Bit Server VM (17.0.6+0-b2043.56-10027231, mixed mode, tiered, compressed oops, compressed class ptrs, g1 gc, windows-amd64)
GC Precious Log:
 CPUs: 4 total, 4 available
 Memory: 3971M
 Large Page Support: Disabled
 NUMA Support: Disabled
 Compressed Oops: Enabled (32-bit)
 Heap Region Size: 1M
 Heap Min Capacity: 8M
 Heap Initial Capacity: 64M
 Heap Max Capacity: 2G
 Pre-touch: Disabled
 Parallel Workers: 4
 Concurrent Workers: 1
 Concurrent Refinement Workers: 4
 Periodic GC: Disabled
Heap:
 garbage-first heap   total 160768K, used 93391K [0x0000000080000000, 0x0000000100000000)
  region size 1024K, 2 young (2048K), 2 survivors (2048K)
 Metaspace       used 79724K, committed 80448K, reserved 1122304K
  class space    used 10619K, committed 10944K, reserved 1048576K
GC Heap History (20 events):
Event: 21.801 GC heap after
{Heap after GC invocations=33 (full 0):
 garbage-first heap   total 153600K, used 74164K [0x0000000080000000, 0x0000000100000000)
  region size 1024K, 3 young (3072K), 3 survivors (3072K)
 Metaspace       used 56406K, committed 57088K, reserved 1105920K
  class space    used 7568K, committed 7872K, reserved 1048576K
}
Event: 22.031 GC heap before
{Heap before GC invocations=34 (full 0):
 garbage-first heap   total 153600K, used 77236K [0x0000000080000000, 0x0000000100000000)
  region size 1024K, 5 young (5120K), 3 survivors (3072K)
 Metaspace       used 56449K, committed 57088K, reserved 1105920K
  class space    used 7574K, committed 7872K, reserved 1048576K
}
Event: 22.042 GC heap after
{Heap after GC invocations=35 (full 0):
 garbage-first heap   total 153600K, used 77530K [0x0000000080000000, 0x0000000100000000)
  region size 1024K, 4 young (4096K), 4 survivors (4096K)
 Metaspace       used 56449K, committed 57088K, reserved 1105920K
  class space    used 7574K, committed 7872K, reserved 1048576K
}
Event: 22.308 GC heap before
{Heap before GC invocations=36 (full 0):
 garbage-first heap   total 153600K, used 82650K [0x0000000080000000, 0x0000000100000000)
  region size 1024K, 10 young (10240K), 4 survivors (4096K)
 Metaspace       used 56747K, committed 57408K, reserved 1105920K
  class space    used 7626K, committed 7936K, reserved 1048576K
}
Event: 22.320 GC heap after
{Heap after GC invocations=37 (full 0):
 garbage-first heap   total 153600K, used 81747K [0x0000000080000000, 0x0000000100000000)
  region size 1024K, 5 young (5120K), 5 survivors (5120K)
 Metaspace       used 56747K, committed 57408K, reserved 1105920K
  class space    used 7626K, committed 7936K, reserved 1048576K
}
Event: 23.525 GC heap before
{Heap before GC invocations=38 (full 0):
 garbage-first heap   total 153600K, used 111443K [0x0000000080000000, 0x0000000100000000)
  region size 1024K, 33 young (33792K), 5 survivors (5120K)
 Metaspace       used 60333K, committed 60992K, reserved 1105920K
  class space    used 8087K, committed 8384K, reserved 1048576K
}
Event: 23.534 GC heap after
{Heap after GC invocations=39 (full 0):
 garbage-first heap   total 153600K, used 83788K [0x0000000080000000, 0x0000000100000000)
  region size 1024K, 5 young (5120K), 5 survivors (5120K)
 Metaspace       used 60333K, committed 60992K, reserved 1105920K
  class space    used 8087K, committed 8384K, reserved 1048576K
}
Event: 24.978 GC heap before
{Heap before GC invocations=39 (full 0):
 garbage-first heap   total 153600K, used 112460K [0x0000000080000000, 0x0000000100000000)
  region size 1024K, 33 young (33792K), 5 survivors (5120K)
 Metaspace       used 65178K, committed 65920K, reserved 1105920K
  class space    used 8726K, committed 9088K, reserved 1048576K
}
Event: 24.986 GC heap after
{Heap after GC invocations=40 (full 0):
 garbage-first heap   total 153600K, used 85367K [0x0000000080000000, 0x0000000100000000)
  region size 1024K, 4 young (4096K), 4 survivors (4096K)
 Metaspace       used 65178K, committed 65920K, reserved 1105920K
  class space    used 8726K, committed 9088K, reserved 1048576K
}
Event: 25.680 GC heap before
{Heap before GC invocations=41 (full 0):
 garbage-first heap   total 153600K, used 122231K [0x0000000080000000, 0x0000000100000000)
  region size 1024K, 34 young (34816K), 4 survivors (4096K)
 Metaspace       used 68133K, committed 68800K, reserved 1114112K
  class space    used 9097K, committed 9408K, reserved 1048576K
}
Event: 25.691 GC heap after
{Heap after GC invocations=42 (full 0):
 garbage-first heap   total 153600K, used 89045K [0x0000000080000000, 0x0000000100000000)
  region size 1024K, 5 young (5120K), 5 survivors (5120K)
 Metaspace       used 68133K, committed 68800K, reserved 1114112K
  class space    used 9097K, committed 9408K, reserved 1048576K
}
Event: 25.739 GC heap before
{Heap before GC invocations=42 (full 0):
 garbage-first heap   total 153600K, used 91093K [0x0000000080000000, 0x0000000100000000)
  region size 1024K, 7 young (7168K), 5 survivors (5120K)
 Metaspace       used 68271K, committed 68928K, reserved 1114112K
  class space    used 9116K, committed 9408K, reserved 1048576K
}
Event: 25.748 GC heap after
{Heap after GC invocations=43 (full 0):
 garbage-first heap   total 153600K, used 89474K [0x0000000080000000, 0x0000000100000000)
  region size 1024K, 1 young (1024K), 1 survivors (1024K)
 Metaspace       used 68271K, committed 68928K, reserved 1114112K
  class space    used 9116K, committed 9408K, reserved 1048576K
}
Event: 26.387 GC heap before
{Heap before GC invocations=43 (full 0):
 garbage-first heap   total 153600K, used 119170K [0x0000000080000000, 0x0000000100000000)
  region size 1024K, 30 young (30720K), 1 survivors (1024K)
 Metaspace       used 71304K, committed 72000K, reserved 1114112K
  class space    used 9533K, committed 9856K, reserved 1048576K
}
Event: 26.393 GC heap after
{Heap after GC invocations=44 (full 0):
 garbage-first heap   total 153600K, used 90392K [0x0000000080000000, 0x0000000100000000)
  region size 1024K, 2 young (2048K), 2 survivors (2048K)
 Metaspace       used 71304K, committed 72000K, reserved 1114112K
  class space    used 9533K, committed 9856K, reserved 1048576K
}
Event: 27.278 GC heap before
{Heap before GC invocations=45 (full 0):
 garbage-first heap   total 160768K, used 120088K [0x0000000080000000, 0x0000000100000000)
  region size 1024K, 31 young (31744K), 2 survivors (2048K)
 Metaspace       used 74877K, committed 75520K, reserved 1114112K
  class space    used 9999K, committed 10304K, reserved 1048576K
}
Event: 27.287 GC heap after
{Heap after GC invocations=46 (full 0):
 garbage-first heap   total 160768K, used 92644K [0x0000000080000000, 0x0000000100000000)
  region size 1024K, 4 young (4096K), 4 survivors (4096K)
 Metaspace       used 74877K, committed 75520K, reserved 1114112K
  class space    used 9999K, committed 10304K, reserved 1048576K
}
Event: 27.373 GC heap before
{Heap before GC invocations=46 (full 0):
 garbage-first heap   total 160768K, used 94692K [0x0000000080000000, 0x0000000100000000)
  region size 1024K, 7 young (7168K), 4 survivors (4096K)
 Metaspace       used 74897K, committed 75584K, reserved 1114112K
  class space    used 9999K, committed 10304K, reserved 1048576K
}
Event: 27.386 GC heap after
{Heap after GC invocations=47 (full 0):
 garbage-first heap   total 160768K, used 92733K [0x0000000080000000, 0x0000000100000000)
  region size 1024K, 1 young (1024K), 1 survivors (1024K)
 Metaspace       used 74897K, committed 75584K, reserved 1114112K
  class space    used 9999K, committed 10304K, reserved 1048576K
}
Event: 28.874 GC heap before
{Heap before GC invocations=47 (full 0):
 garbage-first heap   total 160768K, used 126525K [0x0000000080000000, 0x0000000100000000)
  region size 1024K, 34 young (34816K), 1 survivors (1024K)
 Metaspace       used 79724K, committed 80448K, reserved 1122304K
  class space    used 10619K, committed 10944K, reserved 1048576K
}

